c:\users\admin\source\repos\multiplex server\multiplex server\debug\vc142.pdb
c:\users\admin\source\repos\multiplex server\multiplex server\debug\vc142.idb
c:\users\admin\source\repos\multiplex server\multiplex server\debug\packet_manager.obj
c:\users\admin\source\repos\multiplex server\multiplex server\debug\multiplexserver.obj
c:\users\admin\source\repos\multiplex server\debug\multiplex server.exe
c:\users\admin\source\repos\multiplex server\multiplex server\debug\multiplex server.ilk
c:\users\admin\source\repos\multiplex server\debug\multiplex server.pdb
c:\users\admin\source\repos\assignment2_211788r_jonathan\multiplex server\multiplex server\debug\multiplexserver.obj
c:\users\admin\source\repos\assignment2_211788r_jonathan\multiplex server\multiplex server\debug\packet_manager.obj
c:\users\admin\source\repos\assignment2_211788r_jonathan\multiplex server\multiplex server\debug\multiplex server.ilk
c:\users\admin\source\repos\assignment2_211788r_jonathan\multiplex server\multiplex server\debug\vc142.idb
c:\users\admin\source\repos\assignment2_211788r_jonathan\multiplex server\multiplex server\debug\vc142.pdb
c:\users\admin\source\repos\assignment2_211788r_jonathan\multiplex server\debug\multiplex server.pdb
c:\users\admin\source\repos\assignment2_211788r_jonathan\multiplex server\debug\multiplex server.exe
c:\users\admin\source\repos\assignment2_211788r_jonathan\multiplex server\multiplex server\debug\multiplex server.tlog\cl.command.1.tlog
c:\users\admin\source\repos\assignment2_211788r_jonathan\multiplex server\multiplex server\debug\multiplex server.tlog\cl.read.1.tlog
c:\users\admin\source\repos\assignment2_211788r_jonathan\multiplex server\multiplex server\debug\multiplex server.tlog\cl.write.1.tlog
c:\users\admin\source\repos\assignment2_211788r_jonathan\multiplex server\multiplex server\debug\multiplex server.tlog\link.command.1.tlog
c:\users\admin\source\repos\assignment2_211788r_jonathan\multiplex server\multiplex server\debug\multiplex server.tlog\link.read.1.tlog
c:\users\admin\source\repos\assignment2_211788r_jonathan\multiplex server\multiplex server\debug\multiplex server.tlog\link.write.1.tlog
