c:\users\admin\source\repos\multiplex client\multiplex client\debug\vc142.pdb
c:\users\admin\source\repos\multiplex client\multiplex client\debug\vc142.idb
c:\users\admin\source\repos\multiplex client\multiplex client\debug\packet_manager.obj
c:\users\admin\source\repos\multiplex client\multiplex client\debug\multiplexclient.obj
c:\users\admin\source\repos\multiplex client\debug\multiplex client.exe
c:\users\admin\source\repos\multiplex client\multiplex client\debug\multiplex client.ilk
c:\users\admin\source\repos\multiplex client\debug\multiplex client.pdb
c:\users\admin\source\repos\assignment2_211788r_jonathan\multiplex client\multiplex client\debug\multiplexclient.obj
c:\users\admin\source\repos\assignment2_211788r_jonathan\multiplex client\multiplex client\debug\packet_manager.obj
c:\users\admin\source\repos\assignment2_211788r_jonathan\multiplex client\multiplex client\debug\multiplex client.ilk
c:\users\admin\source\repos\assignment2_211788r_jonathan\multiplex client\multiplex client\debug\vc142.idb
c:\users\admin\source\repos\assignment2_211788r_jonathan\multiplex client\multiplex client\debug\vc142.pdb
c:\users\admin\source\repos\assignment2_211788r_jonathan\multiplex client\debug\multiplex client.pdb
c:\users\admin\source\repos\assignment2_211788r_jonathan\multiplex client\debug\multiplex client.exe
c:\users\admin\source\repos\assignment2_211788r_jonathan\multiplex client\multiplex client\debug\multiplex client.tlog\cl.command.1.tlog
c:\users\admin\source\repos\assignment2_211788r_jonathan\multiplex client\multiplex client\debug\multiplex client.tlog\cl.read.1.tlog
c:\users\admin\source\repos\assignment2_211788r_jonathan\multiplex client\multiplex client\debug\multiplex client.tlog\cl.write.1.tlog
c:\users\admin\source\repos\assignment2_211788r_jonathan\multiplex client\multiplex client\debug\multiplex client.tlog\link.command.1.tlog
c:\users\admin\source\repos\assignment2_211788r_jonathan\multiplex client\multiplex client\debug\multiplex client.tlog\link.read.1.tlog
c:\users\admin\source\repos\assignment2_211788r_jonathan\multiplex client\multiplex client\debug\multiplex client.tlog\link.write.1.tlog
